Hiworld_CarPC/proguard/mapping.txt
com.hiworld.canbus.parsedata.HondaParseData -> com.hiworld.canbus.a.b:
    android.os.Handler m_setThisDrivehandler -> a
    android.os.Handler m_settripAHandler -> b
    com.hiworld.canbus.parsedata.HondaParseData INSTANCE -> c
    void setThisDrive(android.os.Handler) -> a
    void setTripAHandler(android.os.Handler) -> b
    com.hiworld.canbus.parsedata.HondaParseData getInstance() -> a
com.hiworld.canbus.parsedata.PsaToyotaParseData -> com.hiworld.canbus.a.c:
    android.os.Handler mComputerHandler1 -> a
    android.os.Handler mComputerHandler2 -> b
    android.os.Handler mComputerHandler3 -> c
    android.os.Handler mPerMinuteHandler -> d
    android.os.Handler mHistroyHandler -> e
    android.content.Context mContext -> f
    android.os.Handler mMainHandler -> g
    com.hiworld.canbus.parsedata.PsaToyotaParseData INSTANCE -> h
    com.hiworld.canbus.parsedata.PsaToyotaParseData getInstance() -> a
    void setContext(android.content.Context) -> a
    void setPsaHandler(android.os.Handler) -> a
    void setTrip1Handler(android.os.Handler) -> b
    void setTrip2Handler(android.os.Handler) -> c
    void setPerMinuteHandler(android.os.Handler) -> d
    void setHistroyHandler(android.os.Handler) -> e
    void setMainHandler(android.os.Handler) -> f
com.hiworld.canbus.parsedata.SaicParseData -> com.hiworld.canbus.a.d:
    android.os.Handler m_VmuiHandler -> a
    android.os.Handler m_FuelHandler -> b
    com.hiworld.canbus.parsedata.SaicParseData INSTANCE -> c
    com.hiworld.canbus.parsedata.SaicParseData getInstance() -> a
    void setFuelHadler(android.os.Handler) -> a
com.hiworld.canbus.parsedata.VmParseData -> com.hiworld.canbus.a.e:
    android.os.Handler m_SettHandlerRadar -> a
    com.hiworld.canbus.parsedata.VmParseData INSTANCE -> b
    com.hiworld.canbus.parsedata.VmParseData getInstance() -> a
    void setVmRadarHandler(android.os.Handler) -> a
com.hiworld.fragment.gm.GmFuleMileageFragment -> com.hiworld.a.a.a:
    android.app.Activity activity -> a
    android.widget.TextView gm_value_instantfuel -> b
    android.widget.TextView gm_value_avgfuel1 -> c
    android.widget.TextView gm_value_avgfuel2 -> d
    android.widget.TextView gm_value_avgfuel3 -> e
    android.widget.TextView gm_value_mileage -> f
    android.widget.TextView gm_value_totalmileage -> g
    android.widget.TextView gm_value_littlemileage1 -> h
    android.widget.TextView gm_value_littlemileage2 -> i
    android.widget.TextView gm_value_littlemileage3 -> j
    android.os.Handler mHandler -> k
    void onAttach(android.app.Activity) -> onAttach
    void onCreate(android.os.Bundle) -> onCreate
    android.view.View onCreateView(android.view.LayoutInflater,android.view.ViewGroup,android.os.Bundle) -> onCreateView
    void initView(android.view.View) -> a
    void initFuleMileage(com.hiworld.adapter.SaicCarInfo) -> a
com.hiworld.fragment.gm.GmFuleMileageFragment$1 -> com.hiworld.a.a.b:
    com.hiworld.fragment.gm.GmFuleMileageFragment this$0 -> a
    void handleMessage(android.os.Message) -> handleMessage
com.hiworld.fragment.golf.BaseFragment -> com.hiworld.a.b.a:
    void onResume() -> onResume
    void onPause() -> onPause
    void onDestroy() -> onDestroy