Hiworld_CarPC/proguard/usage.txt
com.hiworld.canbus.parsedata.Golf7ParseData
com.hiworld.canbus.parsedata.HondaFragmentCallBack
com.hiworld.canbus.parsedata.HondaParseData:
    32:203:public void ParseHondaCMD(byte[],int)
com.hiworld.canbus.parsedata.PsaToyotaFragmentCallBack
com.hiworld.canbus.parsedata.PsaToyotaParseData:
    32:228:public void parseToyotaCmd(byte[],int)
    232:311:public void parsePsaCmd(byte[],int)
    315:320:private void startApp(java.lang.String)
com.hiworld.canbus.parsedata.SaicFragmentCallback
com.hiworld.canbus.parsedata.SaicParseData:
    22:77:public int parseCmd(byte[],int)
    82:110:private void parseCmd0x77(byte[],int)
    114:168:private void parseCmd0x34(byte[],int)
    172:173:private int GetByteInt(byte,byte,byte)
    178:246:private void parseCmd0x36(byte[],int)
    250:280:private void parseCmd0x33(byte[],int)
    284:298:private void parseCmd0x31(byte[],int)
    302:337:private void parseCmd0x32(byte[],int)
    341:392:private void parseCmd0x12(byte[],int)
    396:397:private byte GetByteBit(byte,int)
    402:403:private byte GetByteData(byte,int,int)
    409:410:public void setVmUIHadler(android.os.Handler)
com.hiworld.canbus.parsedata.VMFragmentCallBack
com.hiworld.canbus.parsedata.VmParseData:
    private android.os.Handler m_SettHandlerVmUIHandler
    22:22:public static void setContext(android.content.Context)
    26:397:public void parseVwfoCmd(byte[],int)
    408:409:public void setVmUIHadler(android.os.Handler)
com.hiworld.carcomputer.BuildConfig
com.hiworld.carcomputer.R
com.hiworld.carcomputer.R$anim
com.hiworld.carcomputer.R$attr
com.hiworld.carcomputer.R$color
com.hiworld.carcomputer.R$dimen
com.hiworld.carcomputer.R$drawable
com.hiworld.carcomputer.R$id
com.hiworld.carcomputer.R$layout
com.hiworld.carcomputer.R$menu
com.hiworld.carcomputer.R$string
com.hiworld.carcomputer.R$style
com.hiworld.carcomputer.R$xml
com.hiworld.constant.Constant
com.hiworld.constant.ConstantCar
com.hiworld.constant.DataUtil
com.hiworld.constant.GMConstant
com.hiworld.constant.SaicConstant
com.hiworld.fragment.golf.BaseFragment:
    public abstract void addNotify()
    public abstract void removeNotify()
com.hiworld.fragment.golf.ConstGolf
com.hiworld.fragment.golf.Golf7FromAddOilFragment:
    47:73:protected void setGolf7CarInfo(com.hiworld.adapter.Golf7CarInfo)
    86:89:public void addNotify()
    93:97:public void removeNotify()
com.hiworld.fragment.golf.Golf7FromStartFragment:
    64:90:protected void setGolf7CarInfo(com.hiworld.adapter.Golf7CarInfo)
    104:107:public void addNotify()
    111:115:public void removeNotify()
com.hiworld.fragment.golf.Golf7LongTimeFragment:
    93:119:protected void setGolf7CarInfo(com.hiworld.adapter.Golf7CarInfo)
    133:136:public void addNotify()
    140:144:public void removeNotify()
com.hiworld.fragment.golf.VMUIFragment:
    private int c
    139:412:protected void setVmCarInfo(com.hiworld.adapter.VMCarInfo)
    500:503:public void addNotify()
    507:511:public void removeNotify()
com.hiworld.myview.IconCheckBoxPreference:
    26:29:public IconCheckBoxPreference(android.content.Context,android.util.AttributeSet,int)
    32:34:public IconCheckBoxPreference(android.content.Context,android.util.AttributeSet)
    53:53:public android.widget.CheckBox getIconCheckbox()
com.hiworld.myview.Util_Rotate3DAnimation
tools.LogsUtils:
    public static final java.lang.String TAG
    9:9:public LogsUtils()
    17:18:public static void d(java.lang.String)
    21:22:public static void w(java.lang.String)
    29:36:public static java.lang.String toHexString(int[])
    39:46:public static java.lang.String toHexString(byte[])